D:\项目\STAFFMANAGER\STAFFMANAGER\X64\DEBUG\ADDDLG.OBJ
D:\项目\StaffManager\StaffManager\x64\Debug\cl.command.1.tlog
D:\项目\StaffManager\StaffManager\x64\Debug\CL.read.1.tlog
D:\项目\StaffManager\StaffManager\x64\Debug\CL.write.1.tlog
D:\项目\STAFFMANAGER\STAFFMANAGER\X64\DEBUG\CVVIMAGE.OBJ
D:\项目\STAFFMANAGER\STAFFMANAGER\X64\DEBUG\DETECTOBJECT.OBJ
D:\项目\STAFFMANAGER\STAFFMANAGER\X64\DEBUG\INITUTILS.OBJ
D:\项目\StaffManager\StaffManager\x64\Debug\link.14072.read.1.tlog
D:\项目\StaffManager\StaffManager\x64\Debug\link.14072.write.1.tlog
D:\项目\StaffManager\StaffManager\x64\Debug\link.14072-cvtres.read.1.tlog
D:\项目\StaffManager\StaffManager\x64\Debug\link.14072-cvtres.write.1.tlog
D:\项目\StaffManager\StaffManager\x64\Debug\link.15312.read.1.tlog
D:\项目\StaffManager\StaffManager\x64\Debug\link.15312.write.1.tlog
D:\项目\StaffManager\StaffManager\x64\Debug\link.15312-cvtres.read.1.tlog
D:\项目\StaffManager\StaffManager\x64\Debug\link.15312-cvtres.write.1.tlog
D:\项目\StaffManager\StaffManager\x64\Debug\link.1540.read.1.tlog
D:\项目\StaffManager\StaffManager\x64\Debug\link.1540.write.1.tlog
D:\项目\StaffManager\StaffManager\x64\Debug\link.1540-cvtres.read.1.tlog
D:\项目\StaffManager\StaffManager\x64\Debug\link.1540-cvtres.write.1.tlog
D:\项目\StaffManager\StaffManager\x64\Debug\link.1652.read.1.tlog
D:\项目\StaffManager\StaffManager\x64\Debug\link.1652.write.1.tlog
D:\项目\StaffManager\StaffManager\x64\Debug\link.1652-cvtres.read.1.tlog
D:\项目\StaffManager\StaffManager\x64\Debug\link.1652-cvtres.write.1.tlog
D:\项目\StaffManager\StaffManager\x64\Debug\link.2076.read.1.tlog
D:\项目\StaffManager\StaffManager\x64\Debug\link.2076.write.1.tlog
D:\项目\StaffManager\StaffManager\x64\Debug\link.2076-cvtres.read.1.tlog
D:\项目\StaffManager\StaffManager\x64\Debug\link.2076-cvtres.write.1.tlog
D:\项目\StaffManager\StaffManager\x64\Debug\link.2276.read.1.tlog
D:\项目\StaffManager\StaffManager\x64\Debug\link.2276.write.1.tlog
D:\项目\StaffManager\StaffManager\x64\Debug\link.2276-cvtres.read.1.tlog
D:\项目\StaffManager\StaffManager\x64\Debug\link.2276-cvtres.write.1.tlog
D:\项目\StaffManager\StaffManager\x64\Debug\link.23656.read.1.tlog
D:\项目\StaffManager\StaffManager\x64\Debug\link.23656.write.1.tlog
D:\项目\StaffManager\StaffManager\x64\Debug\link.23656-cvtres.read.1.tlog
D:\项目\StaffManager\StaffManager\x64\Debug\link.23656-cvtres.write.1.tlog
D:\项目\StaffManager\StaffManager\x64\Debug\link.25792.read.1.tlog
D:\项目\StaffManager\StaffManager\x64\Debug\link.25792.write.1.tlog
D:\项目\StaffManager\StaffManager\x64\Debug\link.25792-cvtres.read.1.tlog
D:\项目\StaffManager\StaffManager\x64\Debug\link.25792-cvtres.write.1.tlog
D:\项目\StaffManager\StaffManager\x64\Debug\link.3844.read.1.tlog
D:\项目\StaffManager\StaffManager\x64\Debug\link.3844.write.1.tlog
D:\项目\StaffManager\StaffManager\x64\Debug\link.3844-cvtres.read.1.tlog
D:\项目\StaffManager\StaffManager\x64\Debug\link.3844-cvtres.write.1.tlog
D:\项目\StaffManager\StaffManager\x64\Debug\link.4012.read.1.tlog
D:\项目\StaffManager\StaffManager\x64\Debug\link.4012.write.1.tlog
D:\项目\StaffManager\StaffManager\x64\Debug\link.4012-cvtres.read.1.tlog
D:\项目\StaffManager\StaffManager\x64\Debug\link.4012-cvtres.write.1.tlog
D:\项目\StaffManager\StaffManager\x64\Debug\link.4356.read.1.tlog
D:\项目\StaffManager\StaffManager\x64\Debug\link.4356.write.1.tlog
D:\项目\StaffManager\StaffManager\x64\Debug\link.4356-cvtres.read.1.tlog
D:\项目\StaffManager\StaffManager\x64\Debug\link.4356-cvtres.write.1.tlog
D:\项目\StaffManager\StaffManager\x64\Debug\link.4372.read.1.tlog
D:\项目\StaffManager\StaffManager\x64\Debug\link.4372.write.1.tlog
D:\项目\StaffManager\StaffManager\x64\Debug\link.4372-cvtres.read.1.tlog
D:\项目\StaffManager\StaffManager\x64\Debug\link.4372-cvtres.write.1.tlog
D:\项目\StaffManager\StaffManager\x64\Debug\link.4916.read.1.tlog
D:\项目\StaffManager\StaffManager\x64\Debug\link.4916.write.1.tlog
D:\项目\StaffManager\StaffManager\x64\Debug\link.4916-cvtres.read.1.tlog
D:\项目\StaffManager\StaffManager\x64\Debug\link.4916-cvtres.write.1.tlog
D:\项目\StaffManager\StaffManager\x64\Debug\link.5572.read.1.tlog
D:\项目\StaffManager\StaffManager\x64\Debug\link.5572.write.1.tlog
D:\项目\StaffManager\StaffManager\x64\Debug\link.5572-cvtres.read.1.tlog
D:\项目\StaffManager\StaffManager\x64\Debug\link.5572-cvtres.write.1.tlog
D:\项目\StaffManager\StaffManager\x64\Debug\link.5624.read.1.tlog
D:\项目\StaffManager\StaffManager\x64\Debug\link.5624.write.1.tlog
D:\项目\StaffManager\StaffManager\x64\Debug\link.5624-cvtres.read.1.tlog
D:\项目\StaffManager\StaffManager\x64\Debug\link.5624-cvtres.write.1.tlog
D:\项目\StaffManager\StaffManager\x64\Debug\link.5732.read.1.tlog
D:\项目\StaffManager\StaffManager\x64\Debug\link.5732.write.1.tlog
D:\项目\StaffManager\StaffManager\x64\Debug\link.5732-cvtres.read.1.tlog
D:\项目\StaffManager\StaffManager\x64\Debug\link.5732-cvtres.write.1.tlog
D:\项目\StaffManager\StaffManager\x64\Debug\link.6208.read.1.tlog
D:\项目\StaffManager\StaffManager\x64\Debug\link.6208.write.1.tlog
D:\项目\StaffManager\StaffManager\x64\Debug\link.6208-cvtres.read.1.tlog
D:\项目\StaffManager\StaffManager\x64\Debug\link.6208-cvtres.write.1.tlog
D:\项目\StaffManager\StaffManager\x64\Debug\link.6356.read.1.tlog
D:\项目\StaffManager\StaffManager\x64\Debug\link.6356.write.1.tlog
D:\项目\StaffManager\StaffManager\x64\Debug\link.6356-cvtres.read.1.tlog
D:\项目\StaffManager\StaffManager\x64\Debug\link.6356-cvtres.write.1.tlog
D:\项目\StaffManager\StaffManager\x64\Debug\link.6704.read.1.tlog
D:\项目\StaffManager\StaffManager\x64\Debug\link.6704.write.1.tlog
D:\项目\StaffManager\StaffManager\x64\Debug\link.6704-cvtres.read.1.tlog
D:\项目\StaffManager\StaffManager\x64\Debug\link.6704-cvtres.write.1.tlog
D:\项目\StaffManager\StaffManager\x64\Debug\link.7180.read.1.tlog
D:\项目\StaffManager\StaffManager\x64\Debug\link.7180.write.1.tlog
D:\项目\StaffManager\StaffManager\x64\Debug\link.7180-cvtres.read.1.tlog
D:\项目\StaffManager\StaffManager\x64\Debug\link.7180-cvtres.write.1.tlog
D:\项目\StaffManager\StaffManager\x64\Debug\link.7288.read.1.tlog
D:\项目\StaffManager\StaffManager\x64\Debug\link.7288.write.1.tlog
D:\项目\StaffManager\StaffManager\x64\Debug\link.7288-cvtres.read.1.tlog
D:\项目\StaffManager\StaffManager\x64\Debug\link.7288-cvtres.write.1.tlog
D:\项目\StaffManager\StaffManager\x64\Debug\link.7312.read.1.tlog
D:\项目\StaffManager\StaffManager\x64\Debug\link.7312.write.1.tlog
D:\项目\StaffManager\StaffManager\x64\Debug\link.7312-cvtres.read.1.tlog
D:\项目\StaffManager\StaffManager\x64\Debug\link.7312-cvtres.write.1.tlog
D:\项目\StaffManager\StaffManager\x64\Debug\link.7432.read.1.tlog
D:\项目\StaffManager\StaffManager\x64\Debug\link.7432.write.1.tlog
D:\项目\StaffManager\StaffManager\x64\Debug\link.7432-cvtres.read.1.tlog
D:\项目\StaffManager\StaffManager\x64\Debug\link.7432-cvtres.write.1.tlog
D:\项目\StaffManager\StaffManager\x64\Debug\link.7700.read.1.tlog
D:\项目\StaffManager\StaffManager\x64\Debug\link.7700.write.1.tlog
D:\项目\StaffManager\StaffManager\x64\Debug\link.7700-cvtres.read.1.tlog
D:\项目\StaffManager\StaffManager\x64\Debug\link.7700-cvtres.write.1.tlog
D:\项目\StaffManager\StaffManager\x64\Debug\link.8628.read.1.tlog
D:\项目\StaffManager\StaffManager\x64\Debug\link.8628.write.1.tlog
D:\项目\StaffManager\StaffManager\x64\Debug\link.8628-cvtres.read.1.tlog
D:\项目\StaffManager\StaffManager\x64\Debug\link.8628-cvtres.write.1.tlog
D:\项目\StaffManager\StaffManager\x64\Debug\link.8664.read.1.tlog
D:\项目\StaffManager\StaffManager\x64\Debug\link.8664.write.1.tlog
D:\项目\StaffManager\StaffManager\x64\Debug\link.8664-cvtres.read.1.tlog
D:\项目\StaffManager\StaffManager\x64\Debug\link.8664-cvtres.write.1.tlog
D:\项目\StaffManager\StaffManager\x64\Debug\link.9012.read.1.tlog
D:\项目\StaffManager\StaffManager\x64\Debug\link.9012.write.1.tlog
D:\项目\StaffManager\StaffManager\x64\Debug\link.9012-cvtres.read.1.tlog
D:\项目\StaffManager\StaffManager\x64\Debug\link.9012-cvtres.write.1.tlog
D:\项目\StaffManager\StaffManager\x64\Debug\link.command.1.tlog
D:\项目\StaffManager\StaffManager\x64\Debug\link.read.1.tlog
D:\项目\StaffManager\StaffManager\x64\Debug\link.write.1.tlog
D:\项目\StaffManager\StaffManager\x64\Debug\link-cvtres.read.1.tlog
D:\项目\StaffManager\StaffManager\x64\Debug\link-cvtres.write.1.tlog
D:\项目\STAFFMANAGER\STAFFMANAGER\X64\DEBUG\LOGINDLG.OBJ
D:\项目\StaffManager\StaffManager\x64\Debug\mt.command.1.tlog
D:\项目\StaffManager\StaffManager\x64\Debug\mt.read.1.tlog
D:\项目\StaffManager\StaffManager\x64\Debug\mt.write.1.tlog
D:\项目\STAFFMANAGER\STAFFMANAGER\X64\DEBUG\PREPROCESSFACE.OBJ
D:\项目\StaffManager\StaffManager\x64\Debug\rc.command.1.tlog
D:\项目\StaffManager\StaffManager\x64\Debug\rc.read.1.tlog
D:\项目\StaffManager\StaffManager\x64\Debug\rc.write.1.tlog
D:\项目\STAFFMANAGER\STAFFMANAGER\X64\DEBUG\RECOGNITION.OBJ
D:\项目\STAFFMANAGER\STAFFMANAGER\X64\DEBUG\RECOGNITIONDLG.OBJ
D:\项目\STAFFMANAGER\STAFFMANAGER\X64\DEBUG\REGISTERFACEDLG.OBJ
D:\项目\STAFFMANAGER\STAFFMANAGER\X64\DEBUG\SQLUTILS.OBJ
D:\项目\STAFFMANAGER\STAFFMANAGER\X64\DEBUG\STAFF.OBJ
D:\项目\STAFFMANAGER\STAFFMANAGER\X64\DEBUG\STAFFMANAGER.EXE.EMBED.MANIFEST
D:\项目\STAFFMANAGER\STAFFMANAGER\X64\DEBUG\STAFFMANAGER.EXE.EMBED.MANIFEST.RES
D:\项目\STAFFMANAGER\STAFFMANAGER\X64\DEBUG\STAFFMANAGER.EXE.INTERMEDIATE.MANIFEST
D:\项目\STAFFMANAGER\STAFFMANAGER\X64\DEBUG\STAFFMANAGER.OBJ
D:\项目\STAFFMANAGER\STAFFMANAGER\X64\DEBUG\STAFFMANAGER.PCH
D:\项目\STAFFMANAGER\STAFFMANAGER\X64\DEBUG\STAFFMANAGER.RES
D:\项目\StaffManager\StaffManager\x64\Debug\StaffManager.vcxprojResolveAssemblyReference.cache
D:\项目\StaffManager\StaffManager\x64\Debug\StaffManager.write.1.tlog
D:\项目\StaffManager\StaffManager\x64\Debug\StaffManager_manifest.rc
D:\项目\STAFFMANAGER\STAFFMANAGER\X64\DEBUG\STAFFMANAGERDLG.OBJ
D:\项目\STAFFMANAGER\STAFFMANAGER\X64\DEBUG\STDAFX.OBJ
D:\项目\STAFFMANAGER\STAFFMANAGER\X64\DEBUG\UTILS.OBJ
D:\项目\StaffManager\StaffManager\x64\Debug\vc100.idb
D:\项目\STAFFMANAGER\STAFFMANAGER\X64\DEBUG\VC100.PDB
D:\项目\STAFFMANAGER\X64\DEBUG\STAFFMANAGER.EXE
D:\项目\STAFFMANAGER\X64\DEBUG\STAFFMANAGER.ILK
D:\项目\STAFFMANAGER\X64\DEBUG\STAFFMANAGER.PDB
