D:\项目\StaffManager\Debug\StaffManager.pdb
D:\项目\StaffManager\StaffManager\Debug\cl.command.1.tlog
D:\项目\StaffManager\StaffManager\Debug\CL.read.1.tlog
D:\项目\StaffManager\StaffManager\Debug\CL.write.1.tlog
D:\项目\StaffManager\StaffManager\Debug\link.command.1.tlog
D:\项目\StaffManager\StaffManager\Debug\link.read.1.tlog
D:\项目\StaffManager\StaffManager\Debug\link.write.1.tlog
D:\项目\StaffManager\StaffManager\Debug\link-cvtres.read.1.tlog
D:\项目\StaffManager\StaffManager\Debug\link-cvtres.write.1.tlog
D:\项目\STAFFMANAGER\STAFFMANAGER\DEBUG\LOGINDLG.OBJ
D:\项目\StaffManager\StaffManager\Debug\mt.command.1.tlog
D:\项目\StaffManager\StaffManager\Debug\mt.read.1.tlog
D:\项目\StaffManager\StaffManager\Debug\mt.write.1.tlog
D:\项目\StaffManager\StaffManager\Debug\rc.command.1.tlog
D:\项目\StaffManager\StaffManager\Debug\rc.read.1.tlog
D:\项目\StaffManager\StaffManager\Debug\rc.write.1.tlog
D:\项目\STAFFMANAGER\STAFFMANAGER\DEBUG\STAFFMANAGER.EXE.EMBED.MANIFEST
D:\项目\STAFFMANAGER\STAFFMANAGER\DEBUG\STAFFMANAGER.EXE.EMBED.MANIFEST.RES
D:\项目\StaffManager\StaffManager\Debug\StaffManager.exe.intermediate.manifest
D:\项目\STAFFMANAGER\STAFFMANAGER\DEBUG\STAFFMANAGER.OBJ
D:\项目\STAFFMANAGER\STAFFMANAGER\DEBUG\STAFFMANAGER.PCH
D:\项目\STAFFMANAGER\STAFFMANAGER\DEBUG\STAFFMANAGER.RES
D:\项目\StaffManager\StaffManager\Debug\StaffManager.vcxprojResolveAssemblyReference.cache
D:\项目\StaffManager\StaffManager\Debug\StaffManager.write.1.tlog
D:\项目\StaffManager\StaffManager\Debug\StaffManager_manifest.rc
D:\项目\STAFFMANAGER\STAFFMANAGER\DEBUG\STAFFMANAGERDLG.OBJ
D:\项目\STAFFMANAGER\STAFFMANAGER\DEBUG\STDAFX.OBJ
D:\项目\StaffManager\StaffManager\Debug\vc100.idb
D:\项目\STAFFMANAGER\STAFFMANAGER\DEBUG\VC100.PDB
