生成启动时间为 2014/11/11 9:56:40。
     1>项目“D:\项目\StaffManager\StaffManager\StaffManager.vcxproj”在节点 2 上(build 个目标)。
     1>InitializeBuildStatus:
         正在对“Debug\StaffManager.unsuccessfulbuild”执行 Touch 任务。
       ClCompile:
         D:\Program Files\VS2010\VC\bin\CL.exe /c /ZI /nologo /W3 /WX- /Od /Oy- /D WIN32 /D _WINDOWS /D _DEBUG /D _MBCS /Gm /EHsc /RTC1 /MTd /GS /fp:precise /Zc:wchar_t /Zc:forScope /Yc"StdAfx.h" /Fp"Debug\StaffManager.pch" /Fo"Debug\\" /Fd"Debug\vc100.pdb" /Gd /TP /analyze- /errorReport:prompt stdafx.cpp
         stdafx.cpp
         D:\Program Files\VS2010\VC\bin\CL.exe /c /ZI /nologo /W3 /WX- /Od /Oy- /D WIN32 /D _WINDOWS /D _DEBUG /D _MBCS /Gm /EHsc /RTC1 /MTd /GS /fp:precise /Zc:wchar_t /Zc:forScope /Yu"StdAfx.h" /Fp"Debug\StaffManager.pch" /Fo"Debug\\" /Fd"Debug\vc100.pdb" /Gd /TP /analyze- /errorReport:prompt LoginDlg.cpp StaffManager.cpp StaffManagerDlg.cpp
         StaffManagerDlg.cpp
         StaffManager.cpp
         LoginDlg.cpp
         正在生成代码...
       ResourceCompile:
         C:\Program Files (x86)\Microsoft SDKs\Windows\v7.0A\bin\rc.exe /D _DEBUG /l"0x0804" /IDebug\ /nologo /fo"Debug\StaffManager.res" StaffManager.rc 
       ManifestResourceCompile:
         C:\Program Files (x86)\Microsoft SDKs\Windows\v7.0A\bin\rc.exe /nologo /fo"Debug\StaffManager.exe.embed.manifest.res" Debug\StaffManager_manifest.rc 
       Link:
         D:\Program Files\VS2010\VC\bin\link.exe /ERRORREPORT:PROMPT /OUT:"D:\项目\StaffManager\Debug\StaffManager.exe" /INCREMENTAL /NOLOGO libmysql.lib mysqlclient.lib opencv_ml248d.lib opencv_calib3d248d.lib opencv_contrib248d.lib opencv_core248d.lib opencv_features2d248d.lib opencv_flann248d.lib opencv_gpu248d.lib opencv_highgui248d.lib opencv_imgproc248d.lib opencv_legacy248d.lib opencv_objdetect248d.lib opencv_ts248d.lib opencv_video248d.lib opencv_nonfree248d.lib opencv_ocl248d.lib opencv_photo248d.lib opencv_stitching248d.lib opencv_superres248d.lib opencv_videostab248d.lib libmysql.lib mysqlclient.lib /MANIFEST /ManifestFile:"Debug\StaffManager.exe.intermediate.manifest" /MANIFESTUAC:"level='asInvoker' uiAccess='false'" /DEBUG /PDB:"D:\项目\StaffManager\Debug\StaffManager.pdb" /SUBSYSTEM:WINDOWS /TLBID:1 /DYNAMICBASE /NXCOMPAT /IMPLIB:"D:\项目\StaffManager\Debug\StaffManager.lib" /MACHINE:X86 Debug\StaffManager.res
         Debug\StaffManager.exe.embed.manifest.res
         Debug\LoginDlg.obj
         Debug\StaffManager.obj
         Debug\StaffManagerDlg.obj
         Debug\stdafx.obj
     1>LoginDlg.obj : error LNK2019: 无法解析的外部符号 _mysql_real_connect@32，该符号在函数 "public: int __thiscall CLoginDlg::CheckUser(void)" (?CheckUser@CLoginDlg@@QAEHXZ) 中被引用
     1>LoginDlg.obj : error LNK2019: 无法解析的外部符号 _mysql_init@4，该符号在函数 "public: int __thiscall CLoginDlg::CheckUser(void)" (?CheckUser@CLoginDlg@@QAEHXZ) 中被引用
     1>D:\项目\StaffManager\Debug\StaffManager.exe : fatal error LNK1120: 2 个无法解析的外部命令
     1>已完成生成项目“D:\项目\StaffManager\StaffManager\StaffManager.vcxproj”(build 个目标)的操作 - 失败。

生成失败。

已用时间 00:00:07.45
